<?xml version="1.0" encoding="UTF-8" ?>
<testsuite tests="2" failures="2" name="Testcase.TestSeleniumScript" time="18.474" errors="0" skipped="0">
  <properties>
    <property name="java.runtime.name" value="OpenJDK Runtime Environment"/>
    <property name="java.vm.version" value="11.0.13+8-Ubuntu-0ubuntu1.20.04"/>
    <property name="sun.boot.library.path" value="/usr/lib/jvm/java-11-openjdk-amd64/lib"/>
    <property name="maven.multiModuleProjectDirectory" value="/home/knoldus/Music/practise"/>
    <property name="java.vm.vendor" value="Ubuntu"/>
    <property name="java.vendor.url" value="https://ubuntu.com/"/>
    <property name="guice.disable.misplaced.annotation.check" value="true"/>
    <property name="path.separator" value=":"/>
    <property name="java.vm.name" value="OpenJDK 64-Bit Server VM"/>
    <property name="sun.os.patch.level" value="unknown"/>
    <property name="user.country" value="IN"/>
    <property name="sun.java.launcher" value="SUN_STANDARD"/>
    <property name="java.vm.specification.name" value="Java Virtual Machine Specification"/>
    <property name="user.dir" value="/home/knoldus/Music/practise"/>
    <property name="java.vm.compressedOopsMode" value="Zero based"/>
    <property name="java.runtime.version" value="11.0.13+8-Ubuntu-0ubuntu1.20.04"/>
    <property name="java.awt.graphicsenv" value="sun.awt.X11GraphicsEnvironment"/>
    <property name="os.arch" value="amd64"/>
    <property name="java.io.tmpdir" value="/tmp"/>
    <property name="line.separator" value="
"/>
    <property name="java.vm.specification.vendor" value="Oracle Corporation"/>
    <property name="os.name" value="Linux"/>
    <property name="classworlds.conf" value="/usr/share/maven/bin/m2.conf"/>
    <property name="sun.jnu.encoding" value="UTF-8"/>
    <property name="java.library.path" value="/usr/java/packages/lib:/usr/lib/x86_64-linux-gnu/jni:/lib/x86_64-linux-gnu:/usr/lib/x86_64-linux-gnu:/usr/lib/jni:/lib:/usr/lib"/>
    <property name="maven.conf" value="/usr/share/maven/conf"/>
    <property name="jdk.debug" value="release"/>
    <property name="java.class.version" value="55.0"/>
    <property name="java.specification.name" value="Java Platform API Specification"/>
    <property name="sun.management.compiler" value="HotSpot 64-Bit Tiered Compilers"/>
    <property name="os.version" value="5.11.0-43-generic"/>
    <property name="library.jansi.path" value="/usr/share/maven/lib/jansi-native"/>
    <property name="user.home" value="/home/knoldus"/>
    <property name="user.timezone" value="Asia/Kolkata"/>
    <property name="java.awt.printerjob" value="sun.print.PSPrinterJob"/>
    <property name="file.encoding" value="UTF-8"/>
    <property name="java.specification.version" value="11"/>
    <property name="user.name" value="knoldus"/>
    <property name="java.class.path" value="/usr/share/maven/boot/plexus-classworlds-2.x.jar"/>
    <property name="java.vm.specification.version" value="11"/>
    <property name="sun.arch.data.model" value="64"/>
    <property name="sun.java.command" value="org.codehaus.plexus.classworlds.launcher.Launcher test"/>
    <property name="java.home" value="/usr/lib/jvm/java-11-openjdk-amd64"/>
    <property name="user.language" value="en"/>
    <property name="java.specification.vendor" value="Oracle Corporation"/>
    <property name="awt.toolkit" value="sun.awt.X11.XToolkit"/>
    <property name="java.vm.info" value="mixed mode, sharing"/>
    <property name="java.version" value="11.0.13"/>
    <property name="securerandom.source" value="file:/dev/./urandom"/>
    <property name="java.vendor" value="Ubuntu"/>
    <property name="maven.home" value="/usr/share/maven"/>
    <property name="file.separator" value="/"/>
    <property name="java.version.date" value="2021-10-19"/>
    <property name="java.vendor.url.bug" value="https://bugs.launchpad.net/ubuntu/+source/openjdk-lts"/>
    <property name="sun.io.unicode.encoding" value="UnicodeLittle"/>
    <property name="sun.cpu.endian" value="little"/>
    <property name="sun.desktop" value="gnome"/>
    <property name="sun.cpu.isalist" value=""/>
  </properties>
  <testcase classname="Testcase.TestSeleniumScript" name="LoginChrome" time="5.014">
    <failure message="no such window: target window already closed
from unknown error: web view not found
  (Session info: chrome=94.0.4606.81)
Build info: version: &apos;4.0.0&apos;, revision: &apos;3a21814679&apos;
System info: host: &apos;knoldus-Latitude-3520&apos;, ip: &apos;127.0.1.1&apos;, os.name: &apos;Linux&apos;, os.arch: &apos;amd64&apos;, os.version: &apos;5.11.0-43-generic&apos;, java.version: &apos;11.0.13&apos;
Driver info: org.openqa.selenium.chrome.ChromeDriver
Command: [355204a476b3c483776ac42e394be27b, findElement {using=xpath, value=//a[contains(text(),&apos;login&apos;)]}]
Capabilities {acceptInsecureCerts: false, browserName: chrome, browserVersion: 94.0.4606.81, chrome: {chromedriverVersion: 94.0.4606.113 (9d935b6bb55e..., userDataDir: /tmp/.com.google.Chrome.Cv9tFk}, goog:chromeOptions: {debuggerAddress: localhost:33949}, javascriptEnabled: true, networkConnectionEnabled: false, pageLoadStrategy: normal, platform: LINUX, platformName: LINUX, proxy: Proxy(), se:cdp: ws://localhost:33949/devtoo..., se:cdpVersion: 94.0.4606.81, setWindowRect: true, strictFileInteractability: false, timeouts: {implicit: 0, pageLoad: 300000, script: 30000}, unhandledPromptBehavior: dismiss and notify, webauthn:extension:credBlob: true, webauthn:extension:largeBlob: true, webauthn:virtualAuthenticators: true}
Session ID: 355204a476b3c483776ac42e394be27b" type="org.openqa.selenium.NoSuchWindowException">org.openqa.selenium.NoSuchWindowException: no such window: target window already closed
from unknown error: web view not found
  (Session info: chrome=94.0.4606.81)
Build info: version: &apos;4.0.0&apos;, revision: &apos;3a21814679&apos;
System info: host: &apos;knoldus-Latitude-3520&apos;, ip: &apos;127.0.1.1&apos;, os.name: &apos;Linux&apos;, os.arch: &apos;amd64&apos;, os.version: &apos;5.11.0-43-generic&apos;, java.version: &apos;11.0.13&apos;
Driver info: org.openqa.selenium.chrome.ChromeDriver
Command: [355204a476b3c483776ac42e394be27b, findElement {using=xpath, value=//a[contains(text(),&apos;login&apos;)]}]
Capabilities {acceptInsecureCerts: false, browserName: chrome, browserVersion: 94.0.4606.81, chrome: {chromedriverVersion: 94.0.4606.113 (9d935b6bb55e..., userDataDir: /tmp/.com.google.Chrome.Cv9tFk}, goog:chromeOptions: {debuggerAddress: localhost:33949}, javascriptEnabled: true, networkConnectionEnabled: false, pageLoadStrategy: normal, platform: LINUX, platformName: LINUX, proxy: Proxy(), se:cdp: ws://localhost:33949/devtoo..., se:cdpVersion: 94.0.4606.81, setWindowRect: true, strictFileInteractability: false, timeouts: {implicit: 0, pageLoad: 300000, script: 30000}, unhandledPromptBehavior: dismiss and notify, webauthn:extension:credBlob: true, webauthn:extension:largeBlob: true, webauthn:virtualAuthenticators: true}
Session ID: 355204a476b3c483776ac42e394be27b
	at java.base/jdk.internal.reflect.NativeConstructorAccessorImpl.newInstance0(Native Method)
	at java.base/jdk.internal.reflect.NativeConstructorAccessorImpl.newInstance(NativeConstructorAccessorImpl.java:62)
	at java.base/jdk.internal.reflect.DelegatingConstructorAccessorImpl.newInstance(DelegatingConstructorAccessorImpl.java:45)
	at java.base/java.lang.reflect.Constructor.newInstance(Constructor.java:490)
	at org.openqa.selenium.remote.codec.w3c.W3CHttpResponseCodec.createException(W3CHttpResponseCodec.java:200)
	at org.openqa.selenium.remote.codec.w3c.W3CHttpResponseCodec.decode(W3CHttpResponseCodec.java:133)
	at org.openqa.selenium.remote.codec.w3c.W3CHttpResponseCodec.decode(W3CHttpResponseCodec.java:53)
	at org.openqa.selenium.remote.HttpCommandExecutor.execute(HttpCommandExecutor.java:184)
	at org.openqa.selenium.remote.service.DriverCommandExecutor.invokeExecute(DriverCommandExecutor.java:164)
	at org.openqa.selenium.remote.service.DriverCommandExecutor.execute(DriverCommandExecutor.java:139)
	at org.openqa.selenium.remote.RemoteWebDriver.execute(RemoteWebDriver.java:559)
	at org.openqa.selenium.remote.ElementLocation$ElementFinder$2.findElement(ElementLocation.java:162)
	at org.openqa.selenium.remote.ElementLocation.findElement(ElementLocation.java:60)
	at org.openqa.selenium.remote.RemoteWebDriver.findElement(RemoteWebDriver.java:383)
	at org.openqa.selenium.remote.RemoteWebDriver.findElement(RemoteWebDriver.java:375)
	at Testcase.TestSeleniumScript.LoginChrome(TestSeleniumScript.java:42)
</failure>
    <system-out>Configuring TestNG with: org.apache.maven.surefire.testng.conf.TestNG652Configurator@7cf10a6f
Starting
</system-out>
    <system-err>Starting ChromeDriver 94.0.4606.113 (9d935b6bb55ebbb1d06628ea2b6b0c812db527f4-refs/branch-heads/4606@{#1424}) on port 40286
Only local connections are allowed.
Please see https://chromedriver.chromium.org/security-considerations for suggestions on keeping ChromeDriver safe.
ChromeDriver was started successfully.
Dec 31, 2021 10:28:55 PM org.openqa.selenium.remote.ProtocolHandshake createSession
INFO: Detected dialect: W3C
Dec 31, 2021 10:28:55 PM org.openqa.selenium.devtools.CdpVersionFinder findNearestMatch
INFO: Found exact CDP implementation for version 94
</system-err>
  </testcase>
  <testcase classname="Testcase.TestSeleniumScript" name="LoginFirefox" time="13.46">
    <failure message="Element &lt;input class=&quot;whsOnd zHQkBf&quot; name=&quot;password&quot; type=&quot;password&quot;&gt; is not reachable by keyboard
Build info: version: &apos;4.0.0&apos;, revision: &apos;3a21814679&apos;
System info: host: &apos;knoldus-Latitude-3520&apos;, ip: &apos;127.0.1.1&apos;, os.name: &apos;Linux&apos;, os.arch: &apos;amd64&apos;, os.version: &apos;5.11.0-43-generic&apos;, java.version: &apos;11.0.13&apos;
Driver info: org.openqa.selenium.firefox.FirefoxDriver
Command: [1f030657-7ca7-4e1f-a7c3-a30162fade36, sendKeysToElement {id=cfb0812d-4c85-4874-bbbd-d370fd385b72, value=[Ljava.lang.CharSequence;@60859f5a}]
Capabilities {acceptInsecureCerts: true, browserName: firefox, browserVersion: 95.0.1, javascriptEnabled: true, moz:accessibilityChecks: false, moz:buildID: 20211215221728, moz:debuggerAddress: localhost:41303, moz:geckodriverVersion: 0.30.0, moz:headless: false, moz:processID: 59306, moz:profile: /tmp/rust_mozprofilePwRNU8, moz:shutdownTimeout: 60000, moz:useNonSpecCompliantPointerOrigin: false, moz:webdriverClick: true, pageLoadStrategy: normal, platform: LINUX, platformName: LINUX, platformVersion: 5.11.0-43-generic, proxy: Proxy(), se:cdp: ws://localhost:41303/devtoo..., se:cdpVersion: 85, setWindowRect: true, strictFileInteractability: false, timeouts: {implicit: 0, pageLoad: 300000, script: 30000}, unhandledPromptBehavior: dismiss and notify}
Element: [[FirefoxDriver: firefox on LINUX (1f030657-7ca7-4e1f-a7c3-a30162fade36)] -&gt; xpath: //*[@name=&apos;password&apos;]]
Session ID: 1f030657-7ca7-4e1f-a7c3-a30162fade36" type="org.openqa.selenium.ElementNotInteractableException">org.openqa.selenium.ElementNotInteractableException: Element &lt;input class=&quot;whsOnd zHQkBf&quot; name=&quot;password&quot; type=&quot;password&quot;&gt; is not reachable by keyboard
Build info: version: &apos;4.0.0&apos;, revision: &apos;3a21814679&apos;
System info: host: &apos;knoldus-Latitude-3520&apos;, ip: &apos;127.0.1.1&apos;, os.name: &apos;Linux&apos;, os.arch: &apos;amd64&apos;, os.version: &apos;5.11.0-43-generic&apos;, java.version: &apos;11.0.13&apos;
Driver info: org.openqa.selenium.firefox.FirefoxDriver
Command: [1f030657-7ca7-4e1f-a7c3-a30162fade36, sendKeysToElement {id=cfb0812d-4c85-4874-bbbd-d370fd385b72, value=[Ljava.lang.CharSequence;@60859f5a}]
Capabilities {acceptInsecureCerts: true, browserName: firefox, browserVersion: 95.0.1, javascriptEnabled: true, moz:accessibilityChecks: false, moz:buildID: 20211215221728, moz:debuggerAddress: localhost:41303, moz:geckodriverVersion: 0.30.0, moz:headless: false, moz:processID: 59306, moz:profile: /tmp/rust_mozprofilePwRNU8, moz:shutdownTimeout: 60000, moz:useNonSpecCompliantPointerOrigin: false, moz:webdriverClick: true, pageLoadStrategy: normal, platform: LINUX, platformName: LINUX, platformVersion: 5.11.0-43-generic, proxy: Proxy(), se:cdp: ws://localhost:41303/devtoo..., se:cdpVersion: 85, setWindowRect: true, strictFileInteractability: false, timeouts: {implicit: 0, pageLoad: 300000, script: 30000}, unhandledPromptBehavior: dismiss and notify}
Element: [[FirefoxDriver: firefox on LINUX (1f030657-7ca7-4e1f-a7c3-a30162fade36)] -&gt; xpath: //*[@name=&apos;password&apos;]]
Session ID: 1f030657-7ca7-4e1f-a7c3-a30162fade36
	at java.base/jdk.internal.reflect.NativeConstructorAccessorImpl.newInstance0(Native Method)
	at java.base/jdk.internal.reflect.NativeConstructorAccessorImpl.newInstance(NativeConstructorAccessorImpl.java:62)
	at java.base/jdk.internal.reflect.DelegatingConstructorAccessorImpl.newInstance(DelegatingConstructorAccessorImpl.java:45)
	at java.base/java.lang.reflect.Constructor.newInstance(Constructor.java:490)
	at org.openqa.selenium.remote.codec.w3c.W3CHttpResponseCodec.createException(W3CHttpResponseCodec.java:200)
	at org.openqa.selenium.remote.codec.w3c.W3CHttpResponseCodec.decode(W3CHttpResponseCodec.java:133)
	at org.openqa.selenium.remote.codec.w3c.W3CHttpResponseCodec.decode(W3CHttpResponseCodec.java:53)
	at org.openqa.selenium.remote.HttpCommandExecutor.execute(HttpCommandExecutor.java:184)
	at org.openqa.selenium.remote.service.DriverCommandExecutor.invokeExecute(DriverCommandExecutor.java:164)
	at org.openqa.selenium.remote.service.DriverCommandExecutor.execute(DriverCommandExecutor.java:139)
	at org.openqa.selenium.remote.RemoteWebDriver.execute(RemoteWebDriver.java:559)
	at org.openqa.selenium.remote.RemoteWebElement.execute(RemoteWebElement.java:251)
	at org.openqa.selenium.remote.RemoteWebElement.sendKeys(RemoteWebElement.java:107)
	at Testcase.TestSeleniumScript.LoginFirefox(TestSeleniumScript.java:83)
</failure>
    <system-out>Completed
Starting
</system-out>
    <system-err>1640969938358	geckodriver	INFO	Listening on 127.0.0.1:58729
1640969938392	mozrunner::runner	INFO	Running command: &quot;/usr/lib/firefox/firefox&quot; &quot;--marionette&quot; &quot;--remote-debugging-port&quot; &quot;41303&quot; &quot;-no-remote&quot; &quot;-profile&quot; &quot;/tmp/rust_mozprofilePwRNU8&quot;
ATTENTION: default value of option mesa_glthread overridden by environment.
ATTENTION: default value of option mesa_glthread overridden by environment.
ATTENTION: default value of option mesa_glthread overridden by environment.
ATTENTION: default value of option mesa_glthread overridden by environment.
1640969939317	Marionette	INFO	Marionette enabled
console.warn: SearchSettings: &quot;get: No settings file exists, new profile?&quot; (new NotFoundError(&quot;Could not open the file at /tmp/rust_mozprofilePwRNU8/search.json.mozlz4&quot;, (void 0)))
DevTools listening on ws://localhost:41303/devtools/browser/a0228661-955d-4589-a2bb-3be2ef8f9140
1640969941004	Marionette	INFO	Listening on port 34165
1640969941119	RemoteAgent	WARN	TLS certificate errors will be ignored for this session
Dec 31, 2021 10:29:01 PM org.openqa.selenium.remote.ProtocolHandshake createSession
INFO: Detected dialect: W3C
ATTENTION: default value of option mesa_glthread overridden by environment.
JavaScript warning: https://accounts.google.com/o/oauth2/v2/auth?login_hint=sumit.singh%40knoldus.com&amp;scope=openid+profile+email&amp;response_type=code&amp;redirect_uri=https%3A%2F%2Fapp.keka.com%2Fsignin-google&amp;state=CfDJ8PtnvDcYZ8ZLk9lewGNp1TkZSUkdy7NyhwoTNix_42pC1S_P1gdvMR78ML-ntztlwXITawI3jv57RlE_Jrz16cRlVMv42y_Fy2X6zIYggqnhliAGdhdOR7Dl_RKRH85uouY6-ggNJGi1jmagdEPidv9i1uX9aZ0so4sSqOz0i7rS3pDzWvEvgwZbl1mm3pGpV5QdFL-rJ5NxGSqMF04v7SI88HTFQ3jeK8SbckzrI3RHQHgsUclHX4f7E6xCmxHvcp_uOejtfSx8k5Hm6l560PzjxGPV_sAOjTBTPyJ8S2FA&amp;client_id=311175005226-eof1ld6q6fh1tf07ng6u38q20djuug42.apps.googleusercontent.com&amp;hd=knoldus.com&amp;as=S-83235786%3A1640969948844725 line 1 &gt; eval line 3757 &gt; eval, line 1: WEBGL_debug_renderer_info is deprecated in Firefox and will be removed. Please use RENDERER.
</system-err>
  </testcase>
</testsuite>